{"/Users/liuhao/Documents/fcc/xuelang3/fcc-project/fcc-libs/packages/core/src/index.ts": {"path":"/Users/liuhao/Documents/fcc/xuelang3/fcc-project/fcc-libs/packages/core/src/index.ts","statementMap":{"0":{"start":{"line":1,"column":20},"end":{"line":1,"column":28}},"1":{"start":{"line":2,"column":0},"end":{"line":2,"column":19}}},"fnMap":{},"branchMap":{},"s":{"0":0,"1":0},"f":{},"b":{}}
,"/Users/liuhao/Documents/fcc/xuelang3/fcc-project/fcc-libs/packages/home/src/classA.ts": {"path":"/Users/liuhao/Documents/fcc/xuelang3/fcc-project/fcc-libs/packages/home/src/classA.ts","statementMap":{"0":{"start":{"line":3,"column":4},"end":{"line":3,"column":16}},"1":{"start":{"line":1,"column":0},"end":{"line":1,"column":13}}},"fnMap":{"0":{"name":"(anonymous_0)","decl":{"start":{"line":2,"column":9},"end":{"line":2,"column":20}},"loc":{"start":{"line":2,"column":20},"end":{"line":4,"column":3}}}},"branchMap":{},"s":{"0":0,"1":0},"f":{"0":0},"b":{}}
,"/Users/liuhao/Documents/fcc/xuelang3/fcc-project/fcc-libs/packages/home/src/index.ts": {"path":"/Users/liuhao/Documents/fcc/xuelang3/fcc-project/fcc-libs/packages/home/src/index.ts","statementMap":{"0":{"start":{"line":7,"column":19},"end":{"line":27,"column":1}},"1":{"start":{"line":8,"column":2},"end":{"line":26,"column":5}},"2":{"start":{"line":9,"column":4},"end":{"line":25,"column":13}},"3":{"start":{"line":10,"column":21},"end":{"line":10,"column":34}},"4":{"start":{"line":11,"column":6},"end":{"line":11,"column":36}},"5":{"start":{"line":12,"column":6},"end":{"line":24,"column":null}},"6":{"start":{"line":13,"column":8},"end":{"line":17,"column":11}},"7":{"start":{"line":19,"column":8},"end":{"line":23,"column":11}},"8":{"start":{"line":28,"column":9},"end":{"line":28,"column":19}}},"fnMap":{"0":{"name":"(anonymous_0)","decl":{"start":{"line":7,"column":19},"end":{"line":7,"column":22}},"loc":{"start":{"line":7,"column":24},"end":{"line":27,"column":1}}},"1":{"name":"(anonymous_1)","decl":{"start":{"line":8,"column":31},"end":{"line":8,"column":32}},"loc":{"start":{"line":8,"column":51},"end":{"line":26,"column":3}}},"2":{"name":"(anonymous_2)","decl":{"start":{"line":9,"column":15},"end":{"line":9,"column":18}},"loc":{"start":{"line":9,"column":20},"end":{"line":25,"column":5}}}},"branchMap":{"0":{"loc":{"start":{"line":12,"column":6},"end":{"line":24,"column":null}},"type":"if","locations":[{"start":{"line":12,"column":6},"end":{"line":24,"column":null}},{"start":{"line":18,"column":13},"end":{"line":24,"column":null}}]}},"s":{"0":1,"1":1,"2":1,"3":1,"4":1,"5":1,"6":1,"7":0,"8":1},"f":{"0":1,"1":1,"2":1},"b":{"0":[1,0]}}
}
