{"/Users/liuhao/Documents/fcc/xuelang3/fcc-project/fcc-libs/packages/home/src/classA.ts": {"path":"/Users/liuhao/Documents/fcc/xuelang3/fcc-project/fcc-libs/packages/home/src/classA.ts","statementMap":{"0":{"start":{"line":3,"column":4},"end":{"line":3,"column":16}},"1":{"start":{"line":1,"column":0},"end":{"line":1,"column":13}}},"fnMap":{"0":{"name":"(anonymous_0)","decl":{"start":{"line":2,"column":9},"end":{"line":2,"column":20}},"loc":{"start":{"line":2,"column":20},"end":{"line":4,"column":3}}}},"branchMap":{},"s":{"0":1,"1":1},"f":{"0":1},"b":{}}
,"/Users/liuhao/Documents/fcc/xuelang3/fcc-project/fcc-libs/packages/home/src/index.ts": {"path":"/Users/liuhao/Documents/fcc/xuelang3/fcc-project/fcc-libs/packages/home/src/index.ts","statementMap":{"0":{"start":{"line":7,"column":19},"end":{"line":25,"column":1}},"1":{"start":{"line":8,"column":2},"end":{"line":24,"column":5}},"2":{"start":{"line":9,"column":4},"end":{"line":23,"column":13}},"3":{"start":{"line":10,"column":6},"end":{"line":22,"column":null}},"4":{"start":{"line":11,"column":8},"end":{"line":15,"column":11}},"5":{"start":{"line":17,"column":8},"end":{"line":21,"column":11}},"6":{"start":{"line":26,"column":9},"end":{"line":26,"column":19}}},"fnMap":{"0":{"name":"(anonymous_0)","decl":{"start":{"line":7,"column":19},"end":{"line":7,"column":22}},"loc":{"start":{"line":7,"column":24},"end":{"line":25,"column":1}}},"1":{"name":"(anonymous_1)","decl":{"start":{"line":8,"column":31},"end":{"line":8,"column":32}},"loc":{"start":{"line":8,"column":51},"end":{"line":24,"column":3}}},"2":{"name":"(anonymous_2)","decl":{"start":{"line":9,"column":15},"end":{"line":9,"column":18}},"loc":{"start":{"line":9,"column":20},"end":{"line":23,"column":5}}}},"branchMap":{"0":{"loc":{"start":{"line":10,"column":6},"end":{"line":22,"column":null}},"type":"if","locations":[{"start":{"line":10,"column":6},"end":{"line":22,"column":null}},{"start":{"line":16,"column":13},"end":{"line":22,"column":null}}]}},"s":{"0":1,"1":1,"2":1,"3":1,"4":1,"5":0,"6":1},"f":{"0":1,"1":1,"2":1},"b":{"0":[1,0]}}
}
